[2025-07-17 21:39:18,664] INFO - === Training pipeline started ===
[2025-07-17 21:39:18,664] INFO - Entered the data ingestion method or component
[2025-07-17 21:39:25,964] INFO - Read the dataset as dataframe
[2025-07-17 21:39:40,967] INFO - Train test split initiated
[2025-07-17 21:39:56,588] INFO - Ingestion of the data is completed
[2025-07-17 21:39:56,627] INFO - Data Ingested:
Train: artifacts\train.csv
Test: artifacts\test.csv
[2025-07-17 21:40:03,592] INFO - Read train and test data completed
[2025-07-17 21:40:03,592] INFO - Numerical columns: ['resume_length', 'TotalWorkingYears', 'MonthlyIncome', 'WorkLifeBalance']
[2025-07-17 21:40:03,593] INFO - Categorical columns: ['category', 'Education', 'Gender', 'required_experience', 'required_education', 'JobRole']
[2025-07-17 21:40:03,613] INFO - Applying preprocessing object on training and testing dataframe
[2025-07-17 21:40:04,212] INFO - Saved preprocessing object successfully
[2025-07-17 21:40:04,249] INFO - Data Transformation completed
[2025-07-17 21:40:04,258] INFO - Fraud label distribution:
0.0    76521
1.0     3479
Name: count, dtype: int64
[2025-07-17 21:40:04,262] INFO - Fit label distribution:
0.0    66976
1.0    13024
Name: count, dtype: int64
[2025-07-17 21:40:08,749] ERROR - \u274c Training pipeline failed.
