[2025-07-18 11:11:35,525] INFO - Training pipeline execution started...
[2025-07-18 11:11:35,526] INFO - === Pipeline started ===
[2025-07-18 11:11:35,526] INFO - Starting data ingestion...
[2025-07-18 11:11:35,526] INFO - Entered the data ingestion method or component
[2025-07-18 11:11:42,214] INFO - Read the dataset into dataframe successfully
[2025-07-18 11:11:58,360] INFO - Raw data saved at: artifacts\data.csv
[2025-07-18 11:11:58,360] INFO - Train test split initiated
[2025-07-18 11:12:10,974] INFO - Training data saved at: artifacts\train.csv
[2025-07-18 11:12:13,852] INFO - Testing data saved at: artifacts\test.csv
[2025-07-18 11:12:13,853] INFO - Ingestion of the data is completed successfully
[2025-07-18 11:12:13,895] INFO - Data ingested. Train: artifacts\train.csv, Test: artifacts\test.csv
[2025-07-18 11:12:13,895] INFO - Starting data transformation...
[2025-07-18 11:12:20,735] INFO - Read train and test data completed
[2025-07-18 11:12:20,736] INFO - Numerical columns: ['resume_length', 'TotalWorkingYears', 'MonthlyIncome', 'WorkLifeBalance']
[2025-07-18 11:12:20,736] INFO - Categorical columns: ['category', 'Education', 'Gender', 'required_experience', 'required_education', 'JobRole']
[2025-07-18 11:12:20,764] INFO - Applying preprocessing object on training and testing dataframe
[2025-07-18 11:12:21,456] INFO - Saved preprocessing object successfully at artifacts\preprocessor.pkl
[2025-07-18 11:12:21,491] INFO - Data transformation completed.
[2025-07-18 11:12:21,491] INFO - Starting model training and evaluation...
[2025-07-18 11:12:21,492] INFO - Splitting features and targets from train and test arrays...
[2025-07-18 11:12:21,492] INFO - Training fraud detection models...
[2025-07-18 11:12:31,256] INFO - RandomForest Accuracy: 0.9587
[2025-07-18 11:12:31,257] INFO - RandomForest Report:
              precision    recall  f1-score   support

         0.0       0.96      1.00      0.98     19125
         1.0       0.89      0.06      0.12       875

    accuracy                           0.96     20000
   macro avg       0.92      0.53      0.55     20000
weighted avg       0.96      0.96      0.94     20000

[2025-07-18 11:12:32,211] INFO - DecisionTree Accuracy: 0.9564
[2025-07-18 11:12:32,211] INFO - DecisionTree Report:
              precision    recall  f1-score   support

         0.0       0.96      1.00      0.98     19125
         1.0       0.51      0.07      0.12       875

    accuracy                           0.96     20000
   macro avg       0.74      0.53      0.55     20000
weighted avg       0.94      0.96      0.94     20000

[2025-07-18 11:12:32,212] INFO - Best Model: RandomForest with Accuracy: 0.9587
[2025-07-18 11:12:32,226] INFO - Training fitness detection models...
[2025-07-18 11:12:33,058] INFO - DecisionTree Accuracy: 0.8948
[2025-07-18 11:12:33,059] INFO - DecisionTree Report:
              precision    recall  f1-score   support

         0.0       0.90      0.99      0.94     16814
         1.0       0.87      0.40      0.55      3186

    accuracy                           0.89     20000
   macro avg       0.88      0.69      0.74     20000
weighted avg       0.89      0.89      0.88     20000

[2025-07-18 11:12:41,637] INFO - RandomForest Accuracy: 0.8631
[2025-07-18 11:12:41,638] INFO - RandomForest Report:
              precision    recall  f1-score   support

         0.0       0.86      1.00      0.92     16814
         1.0       0.92      0.15      0.26      3186

    accuracy                           0.86     20000
   macro avg       0.89      0.58      0.59     20000
weighted avg       0.87      0.86      0.82     20000

[2025-07-18 11:12:41,644] INFO - Best Model: DecisionTree with Accuracy: 0.8948
[2025-07-18 11:12:41,647] INFO - Both models trained and saved successfully.
[2025-07-18 11:12:41,647] INFO - Model training completed.
[2025-07-18 11:12:41,681] INFO - Models saved at: artifacts\fraud_model.pkl, artifacts\fitness_model.pkl
[2025-07-18 11:12:41,697] INFO - === Pipeline completed successfully ===
[2025-07-18 11:12:41,710] INFO - Training pipeline execution completed.
