[2025-07-17 22:09:47,931] INFO - Training pipeline execution started...
[2025-07-17 22:09:47,931] INFO - === Pipeline started ===
[2025-07-17 22:09:47,932] INFO - Starting data ingestion...
[2025-07-17 22:09:47,932] INFO - Entered the data ingestion method or component
[2025-07-17 22:09:54,709] INFO - Read the dataset into dataframe successfully
[2025-07-17 22:10:10,733] INFO - Raw data saved at: artifacts\data.csv
[2025-07-17 22:10:10,733] INFO - Train test split initiated
[2025-07-17 22:10:22,874] INFO - Training data saved at: artifacts\train.csv
[2025-07-17 22:10:25,959] INFO - Testing data saved at: artifacts\test.csv
[2025-07-17 22:10:25,960] INFO - Ingestion of the data is completed successfully
[2025-07-17 22:10:26,006] INFO - Data ingested. Train: artifacts\train.csv, Test: artifacts\test.csv
[2025-07-17 22:10:26,007] INFO - Starting data transformation...
[2025-07-17 22:10:32,965] INFO - Read train and test data completed
[2025-07-17 22:10:32,965] INFO - Numerical columns: ['resume_length', 'TotalWorkingYears', 'MonthlyIncome', 'WorkLifeBalance']
[2025-07-17 22:10:32,965] INFO - Categorical columns: ['category', 'Education', 'Gender', 'required_experience', 'required_education', 'JobRole']
[2025-07-17 22:10:32,986] INFO - Applying preprocessing object on training and testing dataframe
[2025-07-17 22:10:33,691] INFO - Saved preprocessing object successfully at artifacts\preprocessor.pkl
[2025-07-17 22:10:33,731] INFO - Data transformation completed.
[2025-07-17 22:10:33,732] INFO - Starting model training and evaluation...
[2025-07-17 22:10:33,733] INFO - Splitting features and targets from train and test arrays...
[2025-07-17 22:10:33,733] INFO - Training fraud detection models...
[2025-07-17 22:10:43,715] INFO - RandomForest Accuracy: 0.9587
[2025-07-17 22:10:43,715] INFO - RandomForest Report:
              precision    recall  f1-score   support

         0.0       0.96      1.00      0.98     19125
         1.0       0.89      0.06      0.12       875

    accuracy                           0.96     20000
   macro avg       0.92      0.53      0.55     20000
weighted avg       0.96      0.96      0.94     20000

[2025-07-17 22:10:44,642] INFO - DecisionTree Accuracy: 0.9564
[2025-07-17 22:10:44,642] INFO - DecisionTree Report:
              precision    recall  f1-score   support

         0.0       0.96      1.00      0.98     19125
         1.0       0.51      0.07      0.12       875

    accuracy                           0.96     20000
   macro avg       0.74      0.53      0.55     20000
weighted avg       0.94      0.96      0.94     20000

[2025-07-17 22:10:44,643] INFO - Best Model: RandomForest with Accuracy: 0.9587
[2025-07-17 22:10:44,654] INFO - Training fitness detection models...
[2025-07-17 22:10:45,477] INFO - DecisionTree Accuracy: 0.8948
[2025-07-17 22:10:45,478] INFO - DecisionTree Report:
              precision    recall  f1-score   support

         0.0       0.90      0.99      0.94     16814
         1.0       0.87      0.40      0.55      3186

    accuracy                           0.89     20000
   macro avg       0.88      0.69      0.74     20000
weighted avg       0.89      0.89      0.88     20000

[2025-07-17 22:10:53,671] INFO - RandomForest Accuracy: 0.8631
[2025-07-17 22:10:53,671] INFO - RandomForest Report:
              precision    recall  f1-score   support

         0.0       0.86      1.00      0.92     16814
         1.0       0.92      0.15      0.26      3186

    accuracy                           0.86     20000
   macro avg       0.89      0.58      0.59     20000
weighted avg       0.87      0.86      0.82     20000

[2025-07-17 22:10:53,672] INFO - Best Model: DecisionTree with Accuracy: 0.8948
[2025-07-17 22:10:53,674] INFO - Both models trained and saved successfully.
[2025-07-17 22:10:53,675] INFO - Model training completed.
[2025-07-17 22:10:53,702] INFO - Models saved at: artifacts\fraud_model.pkl, artifacts\fitness_model.pkl
[2025-07-17 22:10:53,712] INFO - === Pipeline completed successfully ===
[2025-07-17 22:10:53,729] INFO - Training pipeline execution completed.
